<?xml version="1.0" encoding="UTF-8"?>
<!-- Generated by org.testng.reporters.JUnitReportReporter -->
<testsuite hostname="TYSS-Shobha" failures="0" tests="1" name="demo.SampleTest" time="0.011" errors="0" timestamp="2023-12-16T12:22:10 IST" skipped="0">
  <testcase classname="demo.SampleTest" name="m1" time="0.011"/>
</testsuite> <!-- demo.SampleTest -->
